TN:
SF:/home/islam/Documents/admin/src/polyfills.ts
FNF:0
FNH:0
LF:0
LH:0
BRF:0
BRH:0
end_of_record
TN:
SF:/home/islam/Documents/admin/src/test.ts
FNF:0
FNH:0
DA:13,1
DA:18,1
DA:20,1
LF:3
LH:3
BRF:0
BRH:0
end_of_record
TN:
SF:/home/islam/Documents/admin/src/app/app.component.ts
FN:3,AppComponent
FN:12,(anonymous_2)
FNF:2
FNH:2
FNDA:3,AppComponent
FNDA:1,(anonymous_2)
DA:8,1
DA:10,3
DA:12,1
DA:13,1
DA:15,1
LF:5
LH:5
BRF:0
BRH:0
end_of_record
TN:
SF:/home/islam/Documents/admin/src/app/material.ts
FN:26,MaterialModule
FNF:1
FNH:1
FNDA:31,MaterialModule
DA:26,1
DA:27,1
LF:2
LH:2
BRF:0
BRH:0
end_of_record
TN:
SF:/home/islam/Documents/admin/src/app/components/footer/footer.component.ts
FN:10,FooterComponent
FN:12,(anonymous_2)
FNF:2
FNH:2
FNDA:5,FooterComponent
FNDA:5,(anonymous_2)
DA:8,1
DA:12,1
DA:15,1
LF:3
LH:3
BRF:0
BRH:0
end_of_record
TN:
SF:/home/islam/Documents/admin/src/app/components/header/header.component.ts
FN:16,HeaderComponent
FN:18,(anonymous_2)
FN:24,(anonymous_3)
FNF:3
FNH:3
FNDA:5,HeaderComponent
FNDA:5,(anonymous_2)
FNDA:1,(anonymous_3)
DA:12,1
DA:14,5
DA:16,5
DA:18,1
DA:19,5
DA:24,1
DA:25,1
DA:26,1
DA:29,1
LF:9
LH:9
BRF:0
BRH:0
end_of_record
TN:
SF:/home/islam/Documents/admin/src/app/components/sidenav/sidenav.component.ts
FN:17,SidenavComponent
FN:19,(anonymous_2)
FN:20,(anonymous_3)
FN:26,(anonymous_4)
FN:32,(anonymous_5)
FNF:5
FNH:5
FNDA:9,SidenavComponent
FNDA:9,(anonymous_2)
FNDA:9,(anonymous_3)
FNDA:1,(anonymous_4)
FNDA:1,(anonymous_5)
DA:13,1
DA:17,9
DA:19,9
DA:20,9
DA:21,9
DA:23,9
DA:26,1
DA:27,1
DA:32,1
DA:33,1
DA:38,1
LF:11
LH:11
BRF:0
BRH:0
end_of_record
TN:
SF:/home/islam/Documents/admin/src/app/components/table-marques/table-marques.component.ts
FN:35,TableMarquesComponent
FN:38,(anonymous_2)
FN:45,(anonymous_3)
FN:52,(anonymous_4)
FN:58,(anonymous_5)
FN:65,(anonymous_6)
FN:74,(anonymous_7)
FN:79,(anonymous_8)
FNF:8
FNH:4
FNDA:10,TableMarquesComponent
FNDA:10,(anonymous_2)
FNDA:0,(anonymous_3)
FNDA:1,(anonymous_4)
FNDA:1,(anonymous_5)
FNDA:0,(anonymous_6)
FNDA:0,(anonymous_7)
FNDA:0,(anonymous_8)
DA:26,1
DA:27,1
DA:28,1
DA:32,10
DA:35,10
DA:36,10
DA:38,1
DA:39,10
DA:40,10
DA:45,1
DA:46,0
DA:49,0
DA:52,1
DA:53,1
DA:58,1
DA:59,1
DA:62,1
DA:65,1
DA:66,0
DA:69,0
DA:70,0
DA:71,0
DA:74,1
DA:75,0
DA:79,1
DA:80,0
DA:82,1
LF:27
LH:19
BRDA:80,0,0,0
BRDA:80,0,1,0
BRF:2
BRH:0
end_of_record
TN:
SF:/home/islam/Documents/admin/src/app/components/table-utilisateurs-fabricants/table-utilisateurs-fabricants.component.ts
FN:40,TableUtilisateursFabricantsComponent
FN:43,(anonymous_2)
FN:50,(anonymous_3)
FN:56,(anonymous_4)
FN:63,(anonymous_5)
FN:72,(anonymous_6)
FN:75,(anonymous_7)
FN:77,(anonymous_8)
FN:77,(anonymous_9)
FN:80,(anonymous_10)
FNF:10
FNH:3
FNDA:7,TableUtilisateursFabricantsComponent
FNDA:7,(anonymous_2)
FNDA:1,(anonymous_3)
FNDA:0,(anonymous_4)
FNDA:0,(anonymous_5)
FNDA:0,(anonymous_6)
FNDA:0,(anonymous_7)
FNDA:0,(anonymous_8)
FNDA:0,(anonymous_9)
FNDA:0,(anonymous_10)
DA:31,1
DA:32,1
DA:33,1
DA:37,7
DA:40,7
DA:41,7
DA:43,1
DA:44,7
DA:45,7
DA:50,1
DA:51,1
DA:56,1
DA:57,0
DA:60,0
DA:63,1
DA:64,0
DA:67,0
DA:68,0
DA:69,0
DA:72,1
DA:73,0
DA:75,1
DA:77,0
DA:80,1
DA:81,0
DA:83,1
LF:26
LH:17
BRDA:81,0,0,0
BRDA:81,0,1,0
BRF:2
BRH:0
end_of_record
TN:
SF:/home/islam/Documents/admin/src/app/dataSources/table-marques-datasource.ts
FN:15,(anonymous_0)
FN:20,TableMarquesDataSource
FN:30,(anonymous_2)
FN:34,(anonymous_3)
FN:48,(anonymous_4)
FN:57,(anonymous_5)
FN:63,(anonymous_6)
FN:72,(anonymous_7)
FN:77,(anonymous_8)
FN:90,compare
FNF:10
FNH:8
FNDA:1,(anonymous_0)
FNDA:10,TableMarquesDataSource
FNDA:10,(anonymous_2)
FNDA:10,(anonymous_3)
FNDA:3,(anonymous_4)
FNDA:10,(anonymous_5)
FNDA:3,(anonymous_6)
FNDA:3,(anonymous_7)
FNDA:0,(anonymous_8)
FNDA:0,compare
DA:15,1
DA:16,10
DA:18,10
DA:20,10
DA:21,10
DA:22,10
DA:30,10
DA:34,10
DA:35,10
DA:36,10
DA:38,10
DA:46,10
DA:48,10
DA:49,3
DA:57,1
DA:63,1
DA:64,3
DA:65,3
DA:72,3
DA:74,3
DA:77,0
DA:78,0
DA:80,0
DA:81,0
DA:82,0
DA:87,1
DA:91,0
LF:27
LH:21
BRDA:22,0,0,10
BRDA:22,0,1,10
BRDA:73,1,0,3
BRDA:73,1,1,0
BRDA:80,2,0,0
BRDA:80,2,1,0
BRDA:80,2,2,0
BRDA:91,3,0,0
BRDA:91,3,1,0
BRDA:91,4,0,0
BRDA:91,4,1,0
BRF:11
BRH:3
end_of_record
TN:
SF:/home/islam/Documents/admin/src/app/dataSources/table-utilisateurs-fabricants-datasource.ts
FN:9,(anonymous_0)
FN:14,TableUtilisateursFabricantsDataSource
FN:24,(anonymous_2)
FN:28,(anonymous_3)
FN:31,(anonymous_4)
FN:44,(anonymous_5)
FN:53,(anonymous_6)
FN:59,(anonymous_7)
FN:68,(anonymous_8)
FN:73,(anonymous_9)
FN:88,compare
FNF:11
FNH:5
FNDA:1,(anonymous_0)
FNDA:7,TableUtilisateursFabricantsDataSource
FNDA:7,(anonymous_2)
FNDA:7,(anonymous_3)
FNDA:0,(anonymous_4)
FNDA:0,(anonymous_5)
FNDA:7,(anonymous_6)
FNDA:0,(anonymous_7)
FNDA:0,(anonymous_8)
FNDA:0,(anonymous_9)
FNDA:0,compare
DA:9,1
DA:10,7
DA:12,7
DA:14,7
DA:15,7
DA:16,7
DA:24,7
DA:28,7
DA:29,7
DA:30,7
DA:32,0
DA:34,7
DA:42,7
DA:44,7
DA:45,0
DA:53,1
DA:59,1
DA:60,0
DA:61,0
DA:68,1
DA:70,0
DA:73,0
DA:74,0
DA:76,0
DA:77,0
DA:78,0
DA:79,0
DA:80,0
DA:81,0
DA:85,1
DA:89,0
LF:31
LH:17
BRDA:16,0,0,7
BRDA:16,0,1,7
BRDA:69,1,0,0
BRDA:69,1,1,0
BRDA:76,2,0,0
BRDA:76,2,1,0
BRDA:76,2,2,0
BRDA:76,2,3,0
BRDA:76,2,4,0
BRDA:76,2,5,0
BRDA:89,3,0,0
BRDA:89,3,1,0
BRDA:89,4,0,0
BRDA:89,4,1,0
BRF:14
BRH:2
end_of_record
TN:
SF:/home/islam/Documents/admin/src/app/pages/administration/admin/admin.component.ts
FN:12,AdminComponent
FN:14,(anonymous_2)
FN:16,(anonymous_3)
FNF:3
FNH:0
FNDA:0,AdminComponent
FNDA:0,(anonymous_2)
FNDA:0,(anonymous_3)
DA:9,1
DA:12,0
DA:14,1
DA:16,1
DA:17,0
DA:20,1
LF:6
LH:4
BRF:0
BRH:0
end_of_record
TN:
SF:/home/islam/Documents/admin/src/app/pages/administration/admin-marques/admin-marques.component.ts
FN:16,AdminMarquesComponent
FN:18,(anonymous_2)
FNF:2
FNH:0
FNDA:0,AdminMarquesComponent
FNDA:0,(anonymous_2)
DA:14,1
DA:16,0
DA:18,1
DA:21,1
LF:4
LH:3
BRF:0
BRH:0
end_of_record
TN:
SF:/home/islam/Documents/admin/src/app/pages/administration/admin-utilfab/admin-utilfab.component.ts
FN:10,AdminUtilfabComponent
FN:12,(anonymous_2)
FNF:2
FNH:0
FNDA:0,AdminUtilfabComponent
FNDA:0,(anonymous_2)
DA:8,1
DA:12,1
DA:15,1
LF:3
LH:3
BRF:0
BRH:0
end_of_record
TN:
SF:/home/islam/Documents/admin/src/app/pages/administration/modifier-marque/modifier-marque.component.ts
FN:24,ModifierMarqueComponent
FN:27,(anonymous_2)
FN:31,(anonymous_3)
FN:37,(anonymous_4)
FN:42,(anonymous_5)
FN:45,(anonymous_6)
FN:53,(anonymous_7)
FN:68,(anonymous_14)
FN:80,(anonymous_15)
FN:87,(anonymous_16)
FN:88,(anonymous_17)
FN:91,(anonymous_18)
FN:96,(anonymous_19)
FNF:13
FNH:0
FNDA:0,ModifierMarqueComponent
FNDA:0,(anonymous_2)
FNDA:0,(anonymous_3)
FNDA:0,(anonymous_4)
FNDA:0,(anonymous_5)
FNDA:0,(anonymous_6)
FNDA:0,(anonymous_7)
FNDA:0,(anonymous_14)
FNDA:0,(anonymous_15)
FNDA:0,(anonymous_16)
FNDA:0,(anonymous_17)
FNDA:0,(anonymous_18)
FNDA:0,(anonymous_19)
DA:12,1
DA:16,0
DA:17,0
DA:18,0
DA:19,0
DA:20,0
DA:21,0
DA:24,0
DA:25,0
DA:27,1
DA:28,0
DA:31,1
DA:32,0
DA:37,0
DA:38,0
DA:40,0
DA:42,0
DA:45,1
DA:47,0
DA:48,0
DA:49,0
DA:53,1
DA:55,0
DA:56,0
DA:57,0
DA:59,0
DA:61,0
DA:62,0
DA:63,0
DA:64,0
DA:65,0
DA:66,0
DA:67,0
DA:69,0
DA:70,0
DA:73,0
DA:74,0
DA:75,0
DA:76,0
DA:77,0
DA:78,0
DA:81,0
DA:82,0
DA:87,1
DA:88,0
DA:91,1
DA:92,0
DA:93,0
DA:94,0
DA:95,0
DA:96,0
DA:98,0
DA:102,1
LF:53
LH:8
BRDA:46,0,0,0
BRDA:46,0,1,0
BRF:2
BRH:0
end_of_record
TN:
SF:/home/islam/Documents/admin/src/app/pages/administration/modifier-utilisateur/modifier-utilisateur.component.ts
FN:31,ModifierUtilisateurComponent
FN:35,(anonymous_2)
FN:39,(anonymous_3)
FN:48,(anonymous_4)
FN:54,(anonymous_5)
FN:59,(anonymous_6)
FN:74,(anonymous_7)
FN:92,(anonymous_14)
FN:104,(anonymous_15)
FN:111,(anonymous_16)
FN:116,(anonymous_17)
FN:120,(anonymous_18)
FN:126,(anonymous_19)
FN:132,(anonymous_20)
FN:133,(anonymous_21)
FNF:15
FNH:0
FNDA:0,ModifierUtilisateurComponent
FNDA:0,(anonymous_2)
FNDA:0,(anonymous_3)
FNDA:0,(anonymous_4)
FNDA:0,(anonymous_5)
FNDA:0,(anonymous_6)
FNDA:0,(anonymous_7)
FNDA:0,(anonymous_14)
FNDA:0,(anonymous_15)
FNDA:0,(anonymous_16)
FNDA:0,(anonymous_17)
FNDA:0,(anonymous_18)
FNDA:0,(anonymous_19)
FNDA:0,(anonymous_20)
FNDA:0,(anonymous_21)
DA:15,1
DA:17,1
DA:18,1
DA:21,0
DA:22,0
DA:23,0
DA:24,0
DA:25,0
DA:26,0
DA:29,0
DA:31,0
DA:32,0
DA:33,0
DA:35,1
DA:36,0
DA:39,1
DA:40,0
DA:41,0
DA:48,0
DA:49,0
DA:50,0
DA:52,0
DA:55,0
DA:59,1
DA:63,0
DA:64,0
DA:66,0
DA:67,0
DA:69,0
DA:70,0
DA:71,0
DA:74,1
DA:76,0
DA:77,0
DA:78,0
DA:84,0
DA:85,0
DA:86,0
DA:87,0
DA:88,0
DA:89,0
DA:90,0
DA:91,0
DA:93,0
DA:94,0
DA:97,0
DA:98,0
DA:99,0
DA:100,0
DA:101,0
DA:102,0
DA:105,0
DA:106,0
DA:111,1
DA:112,0
DA:113,0
DA:116,1
DA:117,0
DA:118,0
DA:119,0
DA:120,0
DA:122,0
DA:126,1
DA:127,0
DA:128,0
DA:132,1
DA:133,0
DA:136,1
LF:68
LH:12
BRDA:60,0,0,0
BRDA:60,0,1,0
BRDA:60,0,2,0
BRF:3
BRH:0
end_of_record
TN:
SF:/home/islam/Documents/admin/src/app/pages/administration/nouvel-utilisateur/nouvel-utilisateur.component.ts
FN:26,NouvelUtilisateurComponent
FN:30,(anonymous_2)
FN:34,(anonymous_3)
FN:45,(anonymous_4)
FN:60,(anonymous_5)
FN:78,(anonymous_12)
FN:90,(anonymous_13)
FN:97,(anonymous_14)
FN:102,(anonymous_15)
FN:106,(anonymous_16)
FN:112,(anonymous_17)
FN:118,(anonymous_18)
FN:119,(anonymous_19)
FNF:13
FNH:0
FNDA:0,NouvelUtilisateurComponent
FNDA:0,(anonymous_2)
FNDA:0,(anonymous_3)
FNDA:0,(anonymous_4)
FNDA:0,(anonymous_5)
FNDA:0,(anonymous_12)
FNDA:0,(anonymous_13)
FNDA:0,(anonymous_14)
FNDA:0,(anonymous_15)
FNDA:0,(anonymous_16)
FNDA:0,(anonymous_17)
FNDA:0,(anonymous_18)
FNDA:0,(anonymous_19)
DA:14,1
DA:16,1
DA:17,1
DA:18,0
DA:19,0
DA:20,0
DA:21,0
DA:22,0
DA:25,0
DA:26,0
DA:27,0
DA:28,0
DA:30,1
DA:31,0
DA:34,1
DA:35,0
DA:36,0
DA:45,1
DA:49,0
DA:50,0
DA:52,0
DA:53,0
DA:55,0
DA:56,0
DA:57,0
DA:60,1
DA:62,0
DA:63,0
DA:64,0
DA:70,0
DA:71,0
DA:72,0
DA:73,0
DA:74,0
DA:75,0
DA:76,0
DA:77,0
DA:79,0
DA:80,0
DA:83,0
DA:84,0
DA:85,0
DA:86,0
DA:87,0
DA:88,0
DA:91,0
DA:92,0
DA:97,1
DA:98,0
DA:99,0
DA:102,1
DA:103,0
DA:104,0
DA:105,0
DA:106,0
DA:108,0
DA:112,1
DA:113,0
DA:114,0
DA:118,1
DA:119,0
DA:122,1
LF:62
LH:12
BRDA:46,0,0,0
BRDA:46,0,1,0
BRDA:46,0,2,0
BRF:3
BRH:0
end_of_record
TN:
SF:/home/islam/Documents/admin/src/app/pages/administration/nouvelle-marque/nouvelle-marque.component.ts
FN:21,NouvelleMarqueComponent
FN:24,(anonymous_2)
FN:28,(anonymous_3)
FN:36,(anonymous_4)
FN:44,(anonymous_5)
FN:58,(anonymous_12)
FN:70,(anonymous_13)
FN:77,(anonymous_14)
FN:78,(anonymous_15)
FN:81,(anonymous_16)
FN:86,(anonymous_17)
FNF:11
FNH:0
FNDA:0,NouvelleMarqueComponent
FNDA:0,(anonymous_2)
FNDA:0,(anonymous_3)
FNDA:0,(anonymous_4)
FNDA:0,(anonymous_5)
FNDA:0,(anonymous_12)
FNDA:0,(anonymous_13)
FNDA:0,(anonymous_14)
FNDA:0,(anonymous_15)
FNDA:0,(anonymous_16)
FNDA:0,(anonymous_17)
DA:12,1
DA:14,0
DA:15,0
DA:16,0
DA:17,0
DA:18,0
DA:19,0
DA:21,0
DA:22,0
DA:24,1
DA:25,0
DA:28,1
DA:29,0
DA:36,1
DA:38,0
DA:39,0
DA:40,0
DA:44,1
DA:46,0
DA:47,0
DA:48,0
DA:50,0
DA:51,0
DA:52,0
DA:53,0
DA:54,0
DA:55,0
DA:56,0
DA:57,0
DA:59,0
DA:60,0
DA:63,0
DA:64,0
DA:65,0
DA:66,0
DA:67,0
DA:68,0
DA:71,0
DA:72,0
DA:77,1
DA:78,0
DA:81,1
DA:82,0
DA:83,0
DA:84,0
DA:85,0
DA:86,0
DA:88,0
DA:92,1
LF:49
LH:8
BRDA:37,0,0,0
BRDA:37,0,1,0
BRF:2
BRH:0
end_of_record
TN:
SF:/home/islam/Documents/admin/src/app/pages/administration/supprimer-marque/supprimer-marque.component.ts
FN:17,SupprimerMarqueComponent
FN:20,(anonymous_2)
FN:24,(anonymous_3)
FN:26,(anonymous_4)
FN:28,(anonymous_5)
FN:32,(anonymous_6)
FNF:6
FNH:0
FNDA:0,SupprimerMarqueComponent
FNDA:0,(anonymous_2)
FNDA:0,(anonymous_3)
FNDA:0,(anonymous_4)
FNDA:0,(anonymous_5)
FNDA:0,(anonymous_6)
DA:12,1
DA:15,0
DA:16,0
DA:17,0
DA:18,0
DA:20,1
DA:21,0
DA:24,1
DA:26,1
DA:27,0
DA:28,0
DA:29,0
DA:30,0
DA:31,0
DA:33,0
DA:34,0
DA:38,1
LF:17
LH:5
BRF:0
BRH:0
end_of_record
TN:
SF:/home/islam/Documents/admin/src/app/pages/administration/supprimer-utilisateur/supprimer-utilisateur.component.ts
FN:17,SupprimerUtilisateurComponent
FN:20,(anonymous_2)
FN:24,(anonymous_3)
FN:26,(anonymous_4)
FN:28,(anonymous_5)
FN:32,(anonymous_6)
FNF:6
FNH:0
FNDA:0,SupprimerUtilisateurComponent
FNDA:0,(anonymous_2)
FNDA:0,(anonymous_3)
FNDA:0,(anonymous_4)
FNDA:0,(anonymous_5)
FNDA:0,(anonymous_6)
DA:12,1
DA:15,0
DA:16,0
DA:17,0
DA:18,0
DA:20,1
DA:21,0
DA:24,1
DA:26,1
DA:27,0
DA:28,0
DA:29,0
DA:30,0
DA:31,0
DA:33,0
DA:34,0
DA:38,1
LF:17
LH:5
BRF:0
BRH:0
end_of_record
TN:
SF:/home/islam/Documents/admin/src/app/pages/connexion/connexion.component.ts
FN:15,ConnexionComponent
FN:17,(anonymous_2)
FN:24,(anonymous_3)
FN:34,(anonymous_4)
FN:37,(anonymous_5)
FN:41,(anonymous_6)
FNF:6
FNH:0
FNDA:0,ConnexionComponent
FNDA:0,(anonymous_2)
FNDA:0,(anonymous_3)
FNDA:0,(anonymous_4)
FNDA:0,(anonymous_5)
FNDA:0,(anonymous_6)
DA:11,1
DA:15,0
DA:17,1
DA:18,0
DA:24,1
DA:26,0
DA:27,0
DA:29,0
DA:30,0
DA:31,0
DA:34,1
DA:36,0
DA:37,0
DA:38,0
DA:39,0
DA:40,0
DA:42,0
DA:47,1
LF:18
LH:5
BRDA:25,0,0,0
BRDA:25,0,1,0
BRF:2
BRH:0
end_of_record
TN:
SF:/home/islam/Documents/admin/src/app/services/authentifaction.service.ts
FN:15,AuthentificationService
FN:21,(anonymous_2)
FN:26,(anonymous_3)
FN:30,(anonymous_4)
FN:34,(anonymous_5)
FN:53,(anonymous_6)
FNF:6
FNH:4
FNDA:50,AuthentificationService
FNDA:1,(anonymous_2)
FNDA:0,(anonymous_3)
FNDA:2,(anonymous_4)
FNDA:0,(anonymous_5)
FNDA:7,(anonymous_6)
DA:10,1
DA:12,50
DA:13,50
DA:15,50
DA:17,31
DA:18,31
DA:21,1
DA:22,1
DA:26,1
DA:27,0
DA:28,0
DA:30,1
DA:31,2
DA:32,2
DA:34,1
DA:38,0
DA:39,0
DA:43,0
DA:45,0
DA:47,0
DA:50,0
DA:53,1
DA:54,7
DA:56,0
DA:57,0
DA:59,7
DA:61,1
LF:27
LH:17
BRF:0
BRH:0
end_of_record
TN:
SF:/home/islam/Documents/admin/src/app/services/marque.service.ts
FN:17,MarqueService
FN:19,(anonymous_2)
FN:24,(anonymous_3)
FN:28,(anonymous_4)
FN:32,(anonymous_5)
FN:38,(anonymous_6)
FN:45,(anonymous_7)
FN:54,(anonymous_8)
FN:63,(anonymous_9)
FNF:9
FNH:7
FNDA:33,MarqueService
FNDA:11,(anonymous_2)
FNDA:1,(anonymous_3)
FNDA:10,(anonymous_4)
FNDA:1,(anonymous_5)
FNDA:1,(anonymous_6)
FNDA:0,(anonymous_7)
FNDA:1,(anonymous_8)
FNDA:0,(anonymous_9)
DA:11,1
DA:13,33
DA:14,33
DA:17,33
DA:19,1
DA:20,11
DA:24,1
DA:25,1
DA:28,1
DA:29,10
DA:32,1
DA:33,1
DA:34,1
DA:38,1
DA:39,1
DA:40,1
DA:45,1
DA:46,0
DA:47,0
DA:48,0
DA:49,0
DA:54,1
DA:55,1
DA:56,1
DA:63,1
DA:67,0
DA:68,0
DA:72,0
DA:74,0
DA:76,0
DA:78,0
DA:80,0
DA:83,0
DA:85,1
LF:34
LH:22
BRF:0
BRH:0
end_of_record
TN:
SF:/home/islam/Documents/admin/src/app/services/utilisateurfabricant.service.ts
FN:18,UtilisateurfabricantService
FN:20,(anonymous_2)
FN:24,(anonymous_3)
FN:28,(anonymous_4)
FN:34,(anonymous_5)
FN:40,(anonymous_6)
FN:47,(anonymous_7)
FN:56,(anonymous_8)
FN:64,(anonymous_9)
FN:87,(anonymous_10)
FNF:10
FNH:8
FNDA:34,UtilisateurfabricantService
FNDA:8,(anonymous_2)
FNDA:1,(anonymous_3)
FNDA:1,(anonymous_4)
FNDA:1,(anonymous_5)
FNDA:1,(anonymous_6)
FNDA:0,(anonymous_7)
FNDA:1,(anonymous_8)
FNDA:0,(anonymous_9)
FNDA:7,(anonymous_10)
DA:12,1
DA:14,34
DA:15,34
DA:18,34
DA:20,1
DA:21,8
DA:24,1
DA:25,1
DA:28,1
DA:29,1
DA:30,1
DA:34,1
DA:35,1
DA:36,1
DA:40,1
DA:41,1
DA:42,1
DA:47,1
DA:48,0
DA:49,0
DA:50,0
DA:51,0
DA:56,1
DA:57,1
DA:58,1
DA:64,1
DA:68,0
DA:69,0
DA:73,0
DA:75,0
DA:77,0
DA:79,0
DA:81,0
DA:84,0
DA:87,1
DA:88,7
DA:90,1
LF:37
LH:25
BRF:0
BRH:0
end_of_record
TN:
SF:/home/islam/Documents/admin/src/app/services/view-update.service.ts
FN:16,ViewUpdateService
FN:18,(anonymous_2)
FN:21,(anonymous_3)
FN:24,(anonymous_4)
FN:25,(anonymous_5)
FN:31,(anonymous_6)
FN:32,(anonymous_7)
FN:38,(anonymous_8)
FN:39,(anonymous_9)
FN:40,(anonymous_10)
FN:46,(anonymous_11)
FN:47,(anonymous_12)
FN:63,(anonymous_16)
FN:69,(anonymous_17)
FN:78,(anonymous_18)
FN:79,(anonymous_19)
FN:86,(anonymous_20)
FN:87,(anonymous_21)
FN:94,(anonymous_25)
FN:95,(anonymous_26)
FN:101,(anonymous_27)
FN:102,(anonymous_28)
FN:103,(anonymous_29)
FN:109,(anonymous_30)
FN:110,(anonymous_31)
FN:119,(anonymous_32)
FN:127,(anonymous_33)
FNF:27
FNH:6
FNDA:27,ViewUpdateService
FNDA:9,(anonymous_2)
FNDA:0,(anonymous_3)
FNDA:10,(anonymous_4)
FNDA:10,(anonymous_5)
FNDA:0,(anonymous_6)
FNDA:0,(anonymous_7)
FNDA:0,(anonymous_8)
FNDA:0,(anonymous_9)
FNDA:0,(anonymous_10)
FNDA:0,(anonymous_11)
FNDA:0,(anonymous_12)
FNDA:0,(anonymous_16)
FNDA:0,(anonymous_17)
FNDA:7,(anonymous_18)
FNDA:7,(anonymous_19)
FNDA:0,(anonymous_20)
FNDA:0,(anonymous_21)
FNDA:0,(anonymous_25)
FNDA:0,(anonymous_26)
FNDA:0,(anonymous_27)
FNDA:0,(anonymous_28)
FNDA:0,(anonymous_29)
FNDA:0,(anonymous_30)
FNDA:0,(anonymous_31)
FNDA:0,(anonymous_32)
FNDA:0,(anonymous_33)
DA:10,1
DA:12,27
DA:13,27
DA:16,27
DA:18,1
DA:19,9
DA:21,1
DA:22,0
DA:24,10
DA:25,10
DA:26,10
DA:27,10
DA:28,10
DA:31,1
DA:32,0
DA:33,0
DA:34,0
DA:35,0
DA:38,1
DA:39,0
DA:40,0
DA:41,0
DA:42,0
DA:43,0
DA:46,1
DA:47,0
DA:49,0
DA:51,0
DA:53,0
DA:54,0
DA:57,1
DA:58,0
DA:59,0
DA:60,0
DA:63,1
DA:64,0
DA:65,0
DA:66,0
DA:69,0
DA:70,0
DA:71,0
DA:72,0
DA:74,0
DA:75,0
DA:78,7
DA:79,7
DA:80,7
DA:81,7
DA:82,7
DA:86,1
DA:87,0
DA:89,1
DA:90,0
DA:91,0
DA:92,0
DA:94,1
DA:95,0
DA:96,0
DA:97,0
DA:98,0
DA:101,1
DA:102,0
DA:103,0
DA:104,0
DA:105,0
DA:106,0
DA:109,1
DA:110,0
DA:112,0
DA:114,0
DA:116,0
DA:117,0
DA:119,1
DA:120,0
DA:121,0
DA:122,0
DA:127,0
DA:128,0
DA:129,0
DA:130,0
DA:131,0
DA:132,0
DA:134,0
DA:135,0
DA:137,1
LF:85
LH:29
BRDA:72,0,0,0
BRDA:72,0,1,0
BRDA:132,1,0,0
BRDA:132,1,1,0
BRDA:132,1,2,0
BRDA:132,1,3,0
BRF:6
BRH:0
end_of_record
